<?xml version="1.0" encoding="UTF-8"?>
<testsuite name="LogicSimulatorTest" tests="2" skipped="0" failures="0" errors="0" timestamp="2020-08-24T08:45:35" hostname="DESKTOP-D0SC3Q9" time="0.005">
  <properties/>
  <testcase name="testGetSimulationResult" classname="LogicSimulatorTest" time="0.004"/>
  <testcase name="testGetTruthTable" classname="LogicSimulatorTest" time="0.001"/>
  <system-out><![CDATA[1 -1 2.1 3.1 0
1 -1 2.1 3.1 0
[3, 3, 1 -1 2.1 3.1 0, 3 -2 0, 2 2.1 -3 0]
]]></system-out>
  <system-err><![CDATA[]]></system-err>
</testsuite>
