<?xml version="1.0" encoding="UTF-8"?>
<testsuite name="LogicSimulatorTest" tests="2" skipped="0" failures="0" errors="0" timestamp="2020-08-25T08:48:49" hostname="DESKTOP-D0SC3Q9" time="0.01">
  <properties/>
  <testcase name="testGetSimulationResult" classname="LogicSimulatorTest" time="0.007"/>
  <testcase name="testGetTruthTable" classname="LogicSimulatorTest" time="0.003"/>
  <system-out><![CDATA[]]></system-out>
  <system-err><![CDATA[]]></system-err>
</testsuite>
